<?xml version="1.0" encoding="UTF-8" ?>
<testsuite errors="0" failures="1" hostname="ubuntuinspiron5537" name="org.netbeans.modules.compapp.catd.ConfiguredTest" skipped="0" tests="1" time="1.297" timestamp="2018-11-19T22:38:16">
  <properties>
    <property name="libs.jsp-compiler.javadoc" value="" />
    <property name="netbeans.autoupdate.country" value="MX" />
    <property name="com.sun.jbi.sa.internal.routing" value="true" />
    <property name="libs.Encoder-HL7.javadoc" value="" />
    <property name="libs.jsf20.maven-pom" value="" />
    <property name="source.root" value="src" />
    <property name="libs.spring-webmvc4.0.src" value="" />
    <property name="ant.core.lib" value="/home/rafael/OpenESB-SE-3.1.2.3-a/OE-Studio/extide/ant/lib/ant.jar" />
    <property name="libs.jsp-compilation.javadoc" value="" />
    <property name="user.dir" value="/home/rafael/NetBeansProjects/MyCalculatorCA" />
    <property name="libs.javaee-api-7.0.src" value="" />
    <property name="java.vm.version" value="25.191-b12" />
    <property name="libs.MySQLDriver.classpath" value="/home/rafael/OpenESB-SE-3.1.2.3-a/OE-Studio/ide/modules/ext/mysql-connector-java-5.1.23-bin.jar" />
    <property name="jbi.content.additional" value="../MyCalculator/build/SEDeployment.jar" />
    <property name="libs.eclipselinkmodelgen.src" value="" />
    <property name="netbeans.autoupdate.version" value="1.23" />
    <property name="netbeans.running.environment" value="gnome" />
    <property name="libs.javaee-web-api-6.0.classpath" value="/home/rafael/OpenESB-SE-3.1.2.3-a/OE-Studio/enterprise/modules/ext/javaee-web-api-6.0.jar" />
    <property name="jdk.home" value="/usr/lib/jvm/java-8-oracle" />
    <property name="libs.javac-api.src" value="" />
    <property name="xml.module.install.dir" value="/home/rafael/OpenESB-SE-3.1.2.3-a/OE-Studio/soa/modules" />
    <property name="libs.jpa2-persistence.classpath" value="/home/rafael/OpenESB-SE-3.1.2.3-a/OE-Studio/java/modules/ext/hibernate4/hibernate-jpa-2.1-api-1.0.0.Final.jar" />
    <property name="sun.os.patch.level" value="unknown" />
    <property name="java.vm.specification.name" value="Java Virtual Machine Specification" />
    <property name="libs.Encoder-Custom.javadoc" value="" />
    <property name="nb.show.statistics.ui" value="usageStatisticsEnabled" />
    <property name="netbeans.autoupdate.variant" value="" />
    <property name="have.tests" value="true" />
    <property name="addExports:java.desktop/com.sun.java.swing.plaf.gtk" value="ALL-UNNAMED" />
    <property name="org.xml.sax.driver" value="com.sun.org.apache.xerces.internal.jaxp.SAXParserImpl$JAXPSAXParser" />
    <property name="libs.hamcrest.classpath" value="/home/rafael/OpenESB-SE-3.1.2.3-a/OE-Studio/platform/modules/ext/hamcrest-core-1.3.jar" />
    <property name="j2ee.server.instance" value="openesb-standalone-deployer:home=/home/rafael/OpenESB-SE-3.1.2.3-a/OE-Instance&amp;" />
    <property name="libs.javac-api.javadoc" value="" />
    <property name="os.name" value="Linux" />
    <property name="esb.netbeans.platform" value="/home/rafael/OpenESB-SE-3.1.2.3-a/OE-Studio/platform" />
    <property name="libs.beans-binding.classpath" value="/home/rafael/OpenESB-SE-3.1.2.3-a/OE-Studio/java/modules/ext/beansbinding-1.2.1.jar" />
    <property name="libs.javaee-endorsed-api-7.0.maven-pom" value="" />
    <property name="libs.restapi.javadoc" value="" />
    <property name="libs.JWSAntTasks.maven-pom" value="" />
    <property name="libs.jstl.classpath" value="/home/rafael/OpenESB-SE-3.1.2.3-a/OE-Studio/enterprise/modules/ext/jstl-impl.jar:/home/rafael/OpenESB-SE-3.1.2.3-a/OE-Studio/enterprise/modules/ext/jstl-api.jar" />
    <property name="libs.testng.src" value="" />
    <property name="libs.spring-webmvc3.0.src" value="" />
    <property name="libs.restapi.classpath" value="/home/rafael/OpenESB-SE-3.1.2.3-a/OE-Studio/enterprise/modules/ext/jaxrs-2.0/javax.ws.rs-api-2.0.jar" />
    <property name="java.vendor.url.bug" value="http://bugreport.sun.com/bugreport/" />
    <property name="libs.jaxb.maven-pom" value="" />
    <property name="os.arch" value="amd64" />
    <property name="libs.Encoder-Custom.classpath" value="/home/rafael/OpenESB-SE-3.1.2.3-a/OE-Studio/soa/modules/ext/custom.jar:/home/rafael/OpenESB-SE-3.1.2.3-a/OE-Studio/soa/modules/ext/customencoder-xsdextension.jar" />
    <property name="libs.eclipselink.src" value="" />
    <property name="user.name" value="rafael" />
    <property name="libs.jsf12.javadoc" value="/home/rafael/OpenESB-SE-3.1.2.3-a/OE-Studio/enterprise/docs/javaee-doc-api.jar" />
    <property name="libs.spring-webmvc3.0.maven-pom" value="" />
    <property name="libs.swing-layout.maven-pom" value="" />
    <property name="sun.java.command" value="org.apache.tools.ant.taskdefs.optional.junit.JUnitTestRunner org.netbeans.modules.compapp.catd.ConfiguredTest skipNonTests=false filtertrace=true haltOnError=false haltOnFailure=false showoutput=true outputtoformatters=true logfailedtests=true threadid=0 logtestlistenerevents=true formatter=org.apache.tools.ant.taskdefs.optional.junit.BriefJUnitResultFormatter formatter=org.apache.tools.ant.taskdefs.optional.junit.XMLJUnitResultFormatter,/home/rafael/NetBeansProjects/MyCalculatorCA/test/results/TEST-org.netbeans.modules.compapp.catd.ConfiguredTest.xml crashfile=/tmp/junitvmwatcher2034831812599780393.properties propsfile=/tmp/junit102530285149816324.properties" />
    <property name="build.classes.dir" value="build/jar" />
    <property name="enterprise.module.install.dir" value="/home/rafael/OpenESB-SE-3.1.2.3-a/OE-Studio/enterprise/modules" />
    <property name="libs.javaee-endorsed-api-7.0.javadoc" value="/home/rafael/OpenESB-SE-3.1.2.3-a/OE-Studio/enterprise/docs/javaee-doc-api.jar" />
    <property name="libs.jaxws21.javadoc" value="/home/rafael/OpenESB-SE-3.1.2.3-a/OE-Studio/java/docs/jaxws-api-doc.zip" />
    <property name="libs.spring-webmvc4.0.javadoc" value="" />
    <property name="user.country" value="MX" />
    <property name="addExports:java.desktop/sun.awt" value="ALL-UNNAMED" />
    <property name="libs.jsp-compilation-syscp.src" value="" />
    <property name="libs.spring-framework400.classpath" value="/home/rafael/OpenESB-SE-3.1.2.3-a/OE-Studio/ide/modules/org-apache-commons-logging.jar:/home/rafael/OpenESB-SE-3.1.2.3-a/OE-Studio/java/modules/ext/cglib-2.2.jar:/home/rafael/OpenESB-SE-3.1.2.3-a/OE-Studio/java/modules/ext/spring-4/spring-aop-4.0.1.RELEASE.jar:/home/rafael/OpenESB-SE-3.1.2.3-a/OE-Studio/java/modules/ext/spring-4/spring-aspects-4.0.1.RELEASE.jar:/home/rafael/OpenESB-SE-3.1.2.3-a/OE-Studio/java/modules/ext/spring-4/spring-beans-4.0.1.RELEASE.jar:/home/rafael/OpenESB-SE-3.1.2.3-a/OE-Studio/java/modules/ext/spring-4/spring-build-src-4.0.1.RELEASE.jar:/home/rafael/OpenESB-SE-3.1.2.3-a/OE-Studio/java/modules/ext/spring-4/spring-context-4.0.1.RELEASE.jar:/home/rafael/OpenESB-SE-3.1.2.3-a/OE-Studio/java/modules/ext/spring-4/spring-context-support-4.0.1.RELEASE.jar:/home/rafael/OpenESB-SE-3.1.2.3-a/OE-Studio/java/modules/ext/spring-4/spring-core-4.0.1.RELEASE.jar:/home/rafael/OpenESB-SE-3.1.2.3-a/OE-Studio/java/modules/ext/spring-4/spring-expression-4.0.1.RELEASE.jar:/home/rafael/OpenESB-SE-3.1.2.3-a/OE-Studio/java/modules/ext/spring-4/spring-framework-bom-4.0.1.RELEASE.jar:/home/rafael/OpenESB-SE-3.1.2.3-a/OE-Studio/java/modules/ext/spring-4/spring-instrument-4.0.1.RELEASE.jar:/home/rafael/OpenESB-SE-3.1.2.3-a/OE-Studio/java/modules/ext/spring-4/spring-instrument-tomcat-4.0.1.RELEASE.jar:/home/rafael/OpenESB-SE-3.1.2.3-a/OE-Studio/java/modules/ext/spring-4/spring-jdbc-4.0.1.RELEASE.jar:/home/rafael/OpenESB-SE-3.1.2.3-a/OE-Studio/java/modules/ext/spring-4/spring-jms-4.0.1.RELEASE.jar:/home/rafael/OpenESB-SE-3.1.2.3-a/OE-Studio/java/modules/ext/spring-4/spring-messaging-4.0.1.RELEASE.jar:/home/rafael/OpenESB-SE-3.1.2.3-a/OE-Studio/java/modules/ext/spring-4/spring-orm-4.0.1.RELEASE.jar:/home/rafael/OpenESB-SE-3.1.2.3-a/OE-Studio/java/modules/ext/spring-4/spring-oxm-4.0.1.RELEASE.jar:/home/rafael/OpenESB-SE-3.1.2.3-a/OE-Studio/java/modules/ext/spring-4/spring-test-4.0.1.RELEASE.jar:/home/rafael/OpenESB-SE-3.1.2.3-a/OE-Studio/java/modules/ext/spring-4/spring-tx-4.0.1.RELEASE.jar:/home/rafael/OpenESB-SE-3.1.2.3-a/OE-Studio/java/modules/ext/spring-4/spring-web-4.0.1.RELEASE.jar:/home/rafael/OpenESB-SE-3.1.2.3-a/OE-Studio/java/modules/ext/spring-4/spring-webmvc-4.0.1.RELEASE.jar:/home/rafael/OpenESB-SE-3.1.2.3-a/OE-Studio/java/modules/ext/spring-4/spring-webmvc-portlet-4.0.1.RELEASE.jar:/home/rafael/OpenESB-SE-3.1.2.3-a/OE-Studio/java/modules/ext/spring-4/spring-websocket-4.0.1.RELEASE.jar" />
    <property name="meta.inf" value="src/conf" />
    <property name="ServerPassword" value="admin" />
    <property name="netbeans.home" value="/home/rafael/OpenESB-SE-3.1.2.3-a/OE-Studio/platform" />
    <property name="build.compiler.emacs" value="true" />
    <property name="libs.javaee-web-api-6.0.src" value="" />
    <property name="resource.MyCalculator" value="../MyCalculator/setup" />
    <property name="libs.jsp-compilation-syscp.classpath" value="/home/rafael/OpenESB-SE-3.1.2.3-a/OE-Studio/extide/ant/lib/ant.jar:/home/rafael/OpenESB-SE-3.1.2.3-a/OE-Studio/enterprise/modules/ext/servlet3.1-jsp2.3-api.jar:/home/rafael/OpenESB-SE-3.1.2.3-a/OE-Studio/enterprise/modules/ext/glassfish-jspparser-4.0.jar:/home/rafael/OpenESB-SE-3.1.2.3-a/OE-Studio/enterprise/modules/ext/jstl-impl.jar:/home/rafael/OpenESB-SE-3.1.2.3-a/OE-Studio/enterprise/modules/ext/jsf-2_2/javax.faces.jar" />
    <property name="java.endorsed.dirs" value="/usr/lib/jvm/java-8-oracle/jre/lib/endorsed" />
    <property name="netbeans.dynamic.classpath" value="/home/rafael/OpenESB-SE-3.1.2.3-a/OE-Studio/platform/core/org-openide-filesystems.jar:/home/rafael/OpenESB-SE-3.1.2.3-a/OE-Studio/platform/core/core.jar:/home/rafael/OpenESB-SE-3.1.2.3-a/OE-Studio/platform/core/org-netbeans-libs-asm.jar:/home/rafael/OpenESB-SE-3.1.2.3-a/OE-Studio/platform/core/org-openide-filesystems-compat8.jar:/home/rafael/OpenESB-SE-3.1.2.3-a/OE-Studio/platform/core/core-base.jar:/home/rafael/OpenESB-SE-3.1.2.3-a/OE-Studio/platform/core/asm-all-5.0.1.jar:/home/rafael/OpenESB-SE-3.1.2.3-a/OE-Studio/platform/core/locale/org-netbeans-libs-asm_ja.jar:/home/rafael/OpenESB-SE-3.1.2.3-a/OE-Studio/platform/core/locale/core-base_zh_CN.jar:/home/rafael/OpenESB-SE-3.1.2.3-a/OE-Studio/platform/core/locale/org-netbeans-libs-asm_pt_BR.jar:/home/rafael/OpenESB-SE-3.1.2.3-a/OE-Studio/platform/core/locale/org-openide-filesystems_ja.jar:/home/rafael/OpenESB-SE-3.1.2.3-a/OE-Studio/platform/core/locale/org-openide-filesystems_zh_CN.jar:/home/rafael/OpenESB-SE-3.1.2.3-a/OE-Studio/platform/core/locale/org-openide-filesystems-compat8_pt_BR.jar:/home/rafael/OpenESB-SE-3.1.2.3-a/OE-Studio/platform/core/locale/org-openide-filesystems-compat8_ru.jar:/home/rafael/OpenESB-SE-3.1.2.3-a/OE-Studio/platform/core/locale/org-netbeans-libs-asm_ru.jar:/home/rafael/OpenESB-SE-3.1.2.3-a/OE-Studio/platform/core/locale/core-base_ru.jar:/home/rafael/OpenESB-SE-3.1.2.3-a/OE-Studio/platform/core/locale/core_ru.jar:/home/rafael/OpenESB-SE-3.1.2.3-a/OE-Studio/platform/core/locale/core_ja.jar:/home/rafael/OpenESB-SE-3.1.2.3-a/OE-Studio/platform/core/locale/org-openide-filesystems-compat8_ja.jar:/home/rafael/OpenESB-SE-3.1.2.3-a/OE-Studio/platform/core/locale/core-base_pt_BR.jar:/home/rafael/OpenESB-SE-3.1.2.3-a/OE-Studio/platform/core/locale/org-openide-filesystems_pt_BR.jar:/home/rafael/OpenESB-SE-3.1.2.3-a/OE-Studio/platform/core/locale/org-netbeans-libs-asm_zh_CN.jar:/home/rafael/OpenESB-SE-3.1.2.3-a/OE-Studio/platform/core/locale/org-openide-filesystems-compat8_zh_CN.jar:/home/rafael/OpenESB-SE-3.1.2.3-a/OE-Studio/platform/core/locale/core-base_ja.jar:/home/rafael/OpenESB-SE-3.1.2.3-a/OE-Studio/platform/core/locale/org-openide-filesystems_ru.jar:/home/rafael/OpenESB-SE-3.1.2.3-a/OE-Studio/platform/core/locale/core_zh_CN.jar:/home/rafael/OpenESB-SE-3.1.2.3-a/OE-Studio/platform/core/locale/core_pt_BR.jar:/home/rafael/OpenESB-SE-3.1.2.3-a/OE-Studio/bin/../soa/core/locale/core_soa.jar:/home/rafael/OpenESB-SE-3.1.2.3-a/OE-Studio/bin/../nb/core/org-netbeans-upgrader.jar:/home/rafael/OpenESB-SE-3.1.2.3-a/OE-Studio/bin/../nb/core/locale/org-netbeans-upgrader_zh_CN.jar:/home/rafael/OpenESB-SE-3.1.2.3-a/OE-Studio/bin/../nb/core/locale/core_nb_pt_BR.jar:/home/rafael/OpenESB-SE-3.1.2.3-a/OE-Studio/bin/../nb/core/locale/core_nb_ja.jar:/home/rafael/OpenESB-SE-3.1.2.3-a/OE-Studio/bin/../nb/core/locale/core_nb_ru.jar:/home/rafael/OpenESB-SE-3.1.2.3-a/OE-Studio/bin/../nb/core/locale/org-netbeans-upgrader_pt_BR.jar:/home/rafael/OpenESB-SE-3.1.2.3-a/OE-Studio/bin/../nb/core/locale/core_nb_zh_CN.jar:/home/rafael/OpenESB-SE-3.1.2.3-a/OE-Studio/bin/../nb/core/locale/org-netbeans-upgrader_ru.jar:/home/rafael/OpenESB-SE-3.1.2.3-a/OE-Studio/bin/../nb/core/locale/core_nb.jar:/home/rafael/OpenESB-SE-3.1.2.3-a/OE-Studio/bin/../nb/core/locale/org-netbeans-upgrader_ja.jar" />
    <property name="java.vm.specification.version" value="1.8" />
    <property name="libs.hibernate4-support.src" value="" />
    <property name="libs.primefaces.classpath" value="/home/rafael/OpenESB-SE-3.1.2.3-a/OE-Studio/enterprise/modules/ext/primefaces/primefaces-5.0.jar" />
    <property name="libs.javaee-api-6.0.classpath" value="/home/rafael/OpenESB-SE-3.1.2.3-a/OE-Studio/enterprise/modules/ext/javaee-api-6.0.jar" />
    <property name="netbeans.productversion" value="OpenESB Studio Community Edition 3.1.2" />
    <property name="java.awt.headless" value="${java.awt.headless}" />
    <property name="libs.jaxws21.src" value="" />
    <property name="netbeans.autoupdate.language" value="es" />
    <property name="libs.Encoder-Framework.javadoc" value="" />
    <property name="java.vendor" value="Oracle Corporation" />
    <property name="libs.javaee-api-6.0.javadoc" value="/home/rafael/OpenESB-SE-3.1.2.3-a/OE-Studio/enterprise/docs/javaee-doc-api.jar" />
    <property name="sun.font.fontmanager" value="sun.awt.X11FontManager" />
    <property name="file.separator" value="/" />
    <property name="libs.junit_4.maven-pom" value="" />
    <property name="netbeans.buildnumber" value="201705191307" />
    <property name="libs.JWSAntTasks.javadoc" value="" />
    <property name="libs.eclipselinkmodelgen.classpath" value="/home/rafael/OpenESB-SE-3.1.2.3-a/OE-Studio/java/modules/ext/eclipselink/org.eclipse.persistence.jpa.modelgen_2.5.2.v20140319-9ad6abd.jar" />
    <property name="libs.javaee-endorsed-api-7.0.src" value="" />
    <property name="sun.java.launcher" value="SUN_STANDARD" />
    <property name="libs.hibernate4-persistencemodelgen.javadoc" value="" />
    <property name="libs.jaxb.javadoc" value="/home/rafael/OpenESB-SE-3.1.2.3-a/OE-Studio/ide/docs/jaxb-api-doc.zip" />
    <property name="libs.struts.classpath" value="/home/rafael/OpenESB-SE-3.1.2.3-a/OE-Studio/enterprise/modules/ext/struts/antlr-2.7.2.jar:/home/rafael/OpenESB-SE-3.1.2.3-a/OE-Studio/enterprise/modules/ext/struts/bsf-2.3.0.jar:/home/rafael/OpenESB-SE-3.1.2.3-a/OE-Studio/enterprise/modules/ext/struts/commons-beanutils-1.8.0.jar:/home/rafael/OpenESB-SE-3.1.2.3-a/OE-Studio/enterprise/modules/ext/struts/commons-chain-1.2.jar:/home/rafael/OpenESB-SE-3.1.2.3-a/OE-Studio/enterprise/modules/ext/struts/commons-digester-1.8.jar:/home/rafael/OpenESB-SE-3.1.2.3-a/OE-Studio/enterprise/modules/ext/struts/commons-fileupload-1.1.1.jar:/home/rafael/OpenESB-SE-3.1.2.3-a/OE-Studio/enterprise/modules/ext/struts/commons-io-1.1.jar:/home/rafael/OpenESB-SE-3.1.2.3-a/OE-Studio/enterprise/modules/ext/struts/commons-logging-1.0.4.jar:/home/rafael/OpenESB-SE-3.1.2.3-a/OE-Studio/enterprise/modules/ext/struts/commons-validator-1.3.1.jar:/home/rafael/OpenESB-SE-3.1.2.3-a/OE-Studio/enterprise/modules/ext/struts/jstl-1.0.2.jar:/home/rafael/OpenESB-SE-3.1.2.3-a/OE-Studio/enterprise/modules/ext/struts/oro-2.0.8.jar:/home/rafael/OpenESB-SE-3.1.2.3-a/OE-Studio/enterprise/modules/ext/struts/standard-1.0.6.jar:/home/rafael/OpenESB-SE-3.1.2.3-a/OE-Studio/enterprise/modules/ext/struts/struts-core-1.3.10.jar:/home/rafael/OpenESB-SE-3.1.2.3-a/OE-Studio/enterprise/modules/ext/struts/struts-el-1.3.10.jar:/home/rafael/OpenESB-SE-3.1.2.3-a/OE-Studio/enterprise/modules/ext/struts/struts-extras-1.3.10.jar:/home/rafael/OpenESB-SE-3.1.2.3-a/OE-Studio/enterprise/modules/ext/struts/struts-faces-1.3.10.jar:/home/rafael/OpenESB-SE-3.1.2.3-a/OE-Studio/enterprise/modules/ext/struts/struts-mailreader-dao-1.3.10.jar:/home/rafael/OpenESB-SE-3.1.2.3-a/OE-Studio/enterprise/modules/ext/struts/struts-scripting-1.3.10.jar:/home/rafael/OpenESB-SE-3.1.2.3-a/OE-Studio/enterprise/modules/ext/struts/struts-taglib-1.3.10.jar:/home/rafael/OpenESB-SE-3.1.2.3-a/OE-Studio/enterprise/modules/ext/struts/struts-tiles-1.3.10.jar" />
    <property name="ant.home" value="/home/rafael/OpenESB-SE-3.1.2.3-a/OE-Studio/extide/ant" />
    <property name="libs.junit_4.src" value="/home/rafael/OpenESB-SE-3.1.2.3-a/OE-Studio/java/docs/junit-4.12-sources.jar" />
    <property name="libs.testng.classpath" value="/home/rafael/OpenESB-SE-3.1.2.3-a/OE-Studio/platform/modules/ext/testng-6.8.1-dist.jar" />
    <property name="libs.absolutelayout.maven-pom" value="" />
    <property name="ant.java.version" value="1.8" />
    <property name="java.library.path" value="/usr/lib/jvm/java-8-oracle/bin/../jre/lib/amd64:/usr/lib/jvm/java-8-oracle/bin/../jre/lib/i386::/usr/java/packages/lib/amd64:/usr/lib64:/lib64:/lib:/usr/lib" />
    <property name="libs.metro.maven-pom" value="" />
    <property name="libs.Encoder-HL7.classpath" value="/home/rafael/OpenESB-SE-3.1.2.3-a/OE-Studio/soa/modules/ext/hl7.jar:/home/rafael/OpenESB-SE-3.1.2.3-a/OE-Studio/soa/modules/ext/hl7encoder-xsdextension.jar" />
    <property name="java.util.logging.config.class" value="org.netbeans.core.startup.TopLogging" />
    <property name="libs.spring-framework400.src" value="" />
    <property name="libs.PostgreSQLDriver.src" value="" />
    <property name="sun.arch.data.model" value="64" />
    <property name="basedir" value="/home/rafael/NetBeansProjects/MyCalculatorCA" />
    <property name="libs.jpa20-persistence.maven-pom" value="" />
    <property name="libs.javaee-web-api-7.0.classpath" value="/home/rafael/OpenESB-SE-3.1.2.3-a/OE-Studio/enterprise/modules/ext/javaee-web-api-7.0.jar" />
    <property name="path.separator" value=":" />
    <property name="libs.javaee-web-api-6.0.javadoc" value="/home/rafael/OpenESB-SE-3.1.2.3-a/OE-Studio/enterprise/docs/javaee-doc-api.jar" />
    <property name="ant.junit.enabletestlistenerevents" value="true" />
    <property name="sun.io.unicode.encoding" value="UnicodeLittle" />
    <property name="libs.jaxws21.classpath" value="/home/rafael/OpenESB-SE-3.1.2.3-a/OE-Studio/ide/modules/ext/jaxb/jaxb-impl.jar:/home/rafael/OpenESB-SE-3.1.2.3-a/OE-Studio/ide/modules/ext/jaxb/jaxb-xjc.jar:/home/rafael/OpenESB-SE-3.1.2.3-a/OE-Studio/java/modules/ext/jaxws22/FastInfoset.jar:/home/rafael/OpenESB-SE-3.1.2.3-a/OE-Studio/java/modules/ext/jaxws22/gmbal-api-only.jar:/home/rafael/OpenESB-SE-3.1.2.3-a/OE-Studio/java/modules/ext/jaxws22/ha-api.jar:/home/rafael/OpenESB-SE-3.1.2.3-a/OE-Studio/java/modules/ext/jaxws22/javax.mail_1.4.jar:/home/rafael/OpenESB-SE-3.1.2.3-a/OE-Studio/java/modules/ext/jaxws22/jaxws-rt.jar:/home/rafael/OpenESB-SE-3.1.2.3-a/OE-Studio/java/modules/ext/jaxws22/jaxws-tools.jar:/home/rafael/OpenESB-SE-3.1.2.3-a/OE-Studio/java/modules/ext/jaxws22/management-api.jar:/home/rafael/OpenESB-SE-3.1.2.3-a/OE-Studio/java/modules/ext/jaxws22/mimepull.jar:/home/rafael/OpenESB-SE-3.1.2.3-a/OE-Studio/java/modules/ext/jaxws22/policy.jar:/home/rafael/OpenESB-SE-3.1.2.3-a/OE-Studio/java/modules/ext/jaxws22/saaj-impl.jar:/home/rafael/OpenESB-SE-3.1.2.3-a/OE-Studio/java/modules/ext/jaxws22/stax-ex.jar:/home/rafael/OpenESB-SE-3.1.2.3-a/OE-Studio/java/modules/ext/jaxws22/stax2-api.jar:/home/rafael/OpenESB-SE-3.1.2.3-a/OE-Studio/java/modules/ext/jaxws22/streambuffer.jar:/home/rafael/OpenESB-SE-3.1.2.3-a/OE-Studio/java/modules/ext/jaxws22/woodstox-core-asl.jar:/home/rafael/OpenESB-SE-3.1.2.3-a/OE-Studio/java/modules/ext/jaxws22/api/jaxws-api.jar:/home/rafael/OpenESB-SE-3.1.2.3-a/OE-Studio/java/modules/ext/jaxws22/api/jsr181-api.jar:/home/rafael/OpenESB-SE-3.1.2.3-a/OE-Studio/java/modules/ext/jaxws22/api/javax.annotation.jar:/home/rafael/OpenESB-SE-3.1.2.3-a/OE-Studio/java/modules/ext/jaxws22/api/saaj-api.jar:/home/rafael/OpenESB-SE-3.1.2.3-a/OE-Studio/ide/modules/ext/jaxb/activation.jar:/home/rafael/OpenESB-SE-3.1.2.3-a/OE-Studio/ide/modules/ext/jaxb/api/jaxb-api.jar:/home/rafael/OpenESB-SE-3.1.2.3-a/OE-Studio/ide/modules/ext/jaxb/api/jsr173_1.0_api.jar" />
    <property name="libs.struts.src" value="" />
    <property name="addExports:java.desktop/sun.awt.im" value="ALL-UNNAMED" />
    <property name="user.language" value="es" />
    <property name="libs.Encoder-Framework.src" value="" />
    <property name="libs.JAXB-ENDORSED.maven-pom" value="" />
    <property name="ant.file." value="/home/rafael/NetBeansProjects/MyCalculatorCA/build.xml" />
    <property name="libs.eclipselink.maven-pom" value="" />
    <property name="libs.primefaces.javadoc" value="" />
    <property name="libs.spring-framework300.maven-pom" value="" />
    <property name="ant.project.invoked-targets" value="test-single" />
    <property name="libs.Encoder-Framework.classpath" value="/home/rafael/OpenESB-SE-3.1.2.3-a/OE-Studio/soa/modules/ext/encoderframework.jar:/home/rafael/OpenESB-SE-3.1.2.3-a/OE-Studio/soa/modules/ext/encoderfrmwk-xsdextension.jar:/home/rafael/OpenESB-SE-3.1.2.3-a/OE-Studio/soa/modules/ext/xbean.jar" />
    <property name="libs.swing-layout.javadoc" value="/home/rafael/OpenESB-SE-3.1.2.3-a/OE-Studio/platform/docs/swing-layout-1.0.4-doc.zip" />
    <property name="sun.java2d.d3d" value="false" />
    <property name="libs.hibernate4-persistence.maven-pom" value="" />
    <property name="addExports:java.base/jdk.internal.jrtfs" value="ALL-UNNAMED" />
    <property name="https.nonProxyHosts" value="localhost|127.0.0.1|ubuntuinspiron5537" />
    <property name="libs.PostgreSQLDriver.maven-pom" value="" />
    <property name="java.class.version" value="52.0" />
    <property name="libs.hibernate4-persistencemodelgen.maven-pom" value="" />
    <property name="libs.javaee-endorsed-api-6.0.src" value="" />
    <property name="libs.eclipselink.javadoc" value="/home/rafael/OpenESB-SE-3.1.2.3-a/OE-Studio/java/modules/ext/docs/javax.persistence-2.1.0-doc.zip" />
    <property name="libs.jsp-compilation.maven-pom" value="" />
    <property name="user.properties.file" value="/home/rafael/.openesb_studio/3.1.2/build.properties" />
    <property name="libs.javac-api.maven-pom" value="" />
    <property name="file.encoding.pkg" value="sun.io" />
    <property name="sun.cpu.endian" value="little" />
    <property name="libs.JAXB-ENDORSED.javadoc" value="" />
    <property name="libs.JWSAntTasks.classpath" value="/home/rafael/OpenESB-SE-3.1.2.3-a/OE-Studio/java/ant/extra/org-netbeans-modules-javawebstart-anttasks.jar" />
    <property name="libs.spring-webmvc4.0.maven-pom" value="" />
    <property name="libs.spring-framework300.src" value="" />
    <property name="libs.PojoSELib.src" value="/home/rafael/OpenESB-SE-3.1.2.3-a/OE-Studio/soa/modules/ext/sun-pojo-engine-api-src.jar" />
    <property name="libs.jstl.src" value="" />
    <property name="libs.hibernate4-persistencemodelgen.src" value="" />
    <property name="libs.jpa20-persistence.javadoc" value="/home/rafael/OpenESB-SE-3.1.2.3-a/OE-Studio/java/modules/ext/docs/javax.persistence-2.1.0-doc.zip" />
    <property name="java.home" value="/usr/lib/jvm/java-8-oracle/jre" />
    <property name="libs.jsp-compilation.src" value="" />
    <property name="libs.javaee-endorsed-api-6.0.classpath" value="/home/rafael/OpenESB-SE-3.1.2.3-a/OE-Studio/enterprise/modules/ext/javaee6-endorsed/javax.annotation.jar:/home/rafael/OpenESB-SE-3.1.2.3-a/OE-Studio/enterprise/modules/ext/javaee6-endorsed/jaxb-api-osgi.jar:/home/rafael/OpenESB-SE-3.1.2.3-a/OE-Studio/enterprise/modules/ext/javaee6-endorsed/webservices-api-osgi.jar" />
    <property name="libs.javaee-api-6.0.src" value="" />
    <property name="ant.project.default-target" value="default" />
    <property name="libs.PostgreSQLDriver.javadoc" value="" />
    <property name="libs.restlib.classpath" value="/home/rafael/OpenESB-SE-3.1.2.3-a/OE-Studio/enterprise/modules/ext/jersey2/ext/asm-all-repackaged-2.2.0-b21.jar:/home/rafael/OpenESB-SE-3.1.2.3-a/OE-Studio/enterprise/modules/ext/jersey2/ext/cglib-2.2.0-b21.jar:/home/rafael/OpenESB-SE-3.1.2.3-a/OE-Studio/enterprise/modules/ext/jersey2/ext/guava-14.0.1.jar:/home/rafael/OpenESB-SE-3.1.2.3-a/OE-Studio/enterprise/modules/ext/jersey2/ext/hk2-api-2.2.0-b21.jar:/home/rafael/OpenESB-SE-3.1.2.3-a/OE-Studio/enterprise/modules/ext/jersey2/ext/hk2-locator-2.2.0-b21.jar:/home/rafael/OpenESB-SE-3.1.2.3-a/OE-Studio/enterprise/modules/ext/jersey2/ext/hk2-utils-2.2.0-b21.jar:/home/rafael/OpenESB-SE-3.1.2.3-a/OE-Studio/enterprise/modules/ext/jersey2/ext/javax.annotation-api-1.2.jar:/home/rafael/OpenESB-SE-3.1.2.3-a/OE-Studio/enterprise/modules/ext/jersey2/ext/javax.inject-2.2.0-b21.jar:/home/rafael/OpenESB-SE-3.1.2.3-a/OE-Studio/enterprise/modules/ext/jersey2/ext/javax.servlet-api-3.0.1.jar:/home/rafael/OpenESB-SE-3.1.2.3-a/OE-Studio/enterprise/modules/ext/jersey2/ext/jaxb-api-2.2.7.jar:/home/rafael/OpenESB-SE-3.1.2.3-a/OE-Studio/enterprise/modules/ext/jersey2/ext/jersey-entity-filtering-2.5.1.jar:/home/rafael/OpenESB-SE-3.1.2.3-a/OE-Studio/enterprise/modules/ext/jersey2/ext/jersey-media-moxy-2.5.1.jar:/home/rafael/OpenESB-SE-3.1.2.3-a/OE-Studio/enterprise/modules/ext/jersey2/ext/org.osgi.core-4.2.0.jar:/home/rafael/OpenESB-SE-3.1.2.3-a/OE-Studio/enterprise/modules/ext/jersey2/ext/osgi-resource-locator-1.0.1.jar:/home/rafael/OpenESB-SE-3.1.2.3-a/OE-Studio/enterprise/modules/ext/jersey2/ext/persistence-api-1.0.jar:/home/rafael/OpenESB-SE-3.1.2.3-a/OE-Studio/enterprise/modules/ext/jersey2/ext/validation-api-1.1.0.Final.jar:/home/rafael/OpenESB-SE-3.1.2.3-a/OE-Studio/enterprise/modules/ext/jersey2/jersey-client.jar:/home/rafael/OpenESB-SE-3.1.2.3-a/OE-Studio/enterprise/modules/ext/jersey2/jersey-common.jar:/home/rafael/OpenESB-SE-3.1.2.3-a/OE-Studio/enterprise/modules/ext/jersey2/jersey-container-servlet.jar:/home/rafael/OpenESB-SE-3.1.2.3-a/OE-Studio/enterprise/modules/ext/jersey2/jersey-container-servlet-core.jar:/home/rafael/OpenESB-SE-3.1.2.3-a/OE-Studio/enterprise/modules/ext/jersey2/jersey-server.jar:/home/rafael/OpenESB-SE-3.1.2.3-a/OE-Studio/java/modules/ext/eclipselink/eclipselink.jar" />
    <property name="jbi.service-unit.description" value="Represents this Service Unit" />
    <property name="libs.MySQLDriver.maven-pom" value="" />
    <property name="libs.hibernate4-persistence.javadoc" value="/home/rafael/OpenESB-SE-3.1.2.3-a/OE-Studio/java/modules/ext/docs/javax.persistence-2.1.0-doc.zip" />
    <property name="http.nonProxyHosts" value="localhost|127.0.0.1|ubuntuinspiron5537" />
    <property name="libs.junit_4.javadoc" value="/home/rafael/OpenESB-SE-3.1.2.3-a/OE-Studio/java/docs/junit-4.12-javadoc.jar" />
    <property name="test.results.dir" value="/home/rafael/NetBeansProjects/MyCalculatorCA/test/results" />
    <property name="libs.javaee-web-api-6.0.maven-pom" value="" />
    <property name="jna.boot.library.name" value="jnidispatch-422" />
    <property name="libs.javaee-endorsed-api-6.0.javadoc" value="/home/rafael/OpenESB-SE-3.1.2.3-a/OE-Studio/enterprise/docs/javaee-doc-api.jar" />
    <property name="libs.javaee-api-7.0.classpath" value="/home/rafael/OpenESB-SE-3.1.2.3-a/OE-Studio/enterprise/modules/ext/javaee-api-7.0.jar" />
    <property name="sun.awt.datatransfer.timeout" value="1000" />
    <property name="libs.PojoSELib.classpath" value="/home/rafael/OpenESB-SE-3.1.2.3-a/OE-Studio/soa/modules/ext/sun-pojo-engine-api.jar:/home/rafael/OpenESB-SE-3.1.2.3-a/OE-Studio/soa/modules/ext/jbi.jar" />
    <property name="ant.file.type." value="file" />
    <property name="libs.spring-webmvc3.0.javadoc" value="" />
    <property name="libs.jpa2-persistence.maven-pom" value="" />
    <property name="libs.hibernate4-support.classpath" value="/home/rafael/OpenESB-SE-3.1.2.3-a/OE-Studio/java/modules/ext/hibernate4/antlr-2.7.7.jar:/home/rafael/OpenESB-SE-3.1.2.3-a/OE-Studio/java/modules/ext/hibernate4/c3p0-0.9.2.1.jar:/home/rafael/OpenESB-SE-3.1.2.3-a/OE-Studio/java/modules/ext/hibernate4/hibernate-c3p0-4.3.1.Final.jar:/home/rafael/OpenESB-SE-3.1.2.3-a/OE-Studio/java/modules/ext/hibernate4/mchange-commons-java-0.2.3.4.jar:/home/rafael/OpenESB-SE-3.1.2.3-a/OE-Studio/java/modules/ext/hibernate4/dom4j-1.6.1.jar:/home/rafael/OpenESB-SE-3.1.2.3-a/OE-Studio/java/modules/ext/hibernate4/ehcache-core-2.4.3.jar:/home/rafael/OpenESB-SE-3.1.2.3-a/OE-Studio/java/modules/ext/hibernate4/hibernate-ehcache-4.3.1.Final.jar:/home/rafael/OpenESB-SE-3.1.2.3-a/OE-Studio/java/modules/ext/hibernate4/hibernate-core-4.3.1.Final.jar:/home/rafael/OpenESB-SE-3.1.2.3-a/OE-Studio/java/modules/ext/hibernate4/jboss-logging-3.1.3.GA.jar:/home/rafael/OpenESB-SE-3.1.2.3-a/OE-Studio/java/modules/ext/hibernate4/hibernate-commons-annotations-4.0.4.Final.jar:/home/rafael/OpenESB-SE-3.1.2.3-a/OE-Studio/java/modules/ext/hibernate4/hibernate-entitymanager-4.3.1.Final.jar:/home/rafael/OpenESB-SE-3.1.2.3-a/OE-Studio/java/modules/ext/hibernate4/javassist-3.18.1-GA.jar:/home/rafael/OpenESB-SE-3.1.2.3-a/OE-Studio/java/modules/ext/hibernate4/jboss-transaction-api_1.2_spec-1.0.0.Final.jar:/home/rafael/OpenESB-SE-3.1.2.3-a/OE-Studio/java/modules/ext/hibernate4/slf4j-api-1.6.1.jar:/home/rafael/OpenESB-SE-3.1.2.3-a/OE-Studio/java/modules/ext/hibernate4/slf4j-simple-1.6.1.jar" />
    <property name="ant.file.type.MyCalculatorCA-jbi-impl" value="file" />
    <property name="nb.native.filechooser" value="false" />
    <property name="libs.restapi.src" value="" />
    <property name="sun.management.compiler" value="HotSpot 64-Bit Tiered Compilers" />
    <property name="sun.java2d.noddraw" value="true" />
    <property name="libs.jsp-compiler.classpath" value="/home/rafael/OpenESB-SE-3.1.2.3-a/OE-Studio/enterprise/ant/extra/jspcompile.jar" />
    <property name="libs.hamcrest.maven-pom" value="" />
    <property name="ant.file" value="/home/rafael/NetBeansProjects/MyCalculatorCA/build.xml" />
    <property name="libs.beans-binding.maven-pom" value="" />
    <property name="libs.hibernate4-support.javadoc" value="/home/rafael/OpenESB-SE-3.1.2.3-a/OE-Studio/java/modules/ext/docs/javax.persistence-2.1.0-doc.zip" />
    <property name="libs.jsf12.classpath" value="/home/rafael/OpenESB-SE-3.1.2.3-a/OE-Studio/enterprise/modules/ext/jsf-1_2/commons-beanutils.jar:/home/rafael/OpenESB-SE-3.1.2.3-a/OE-Studio/enterprise/modules/ext/jsf-1_2/commons-collections.jar:/home/rafael/OpenESB-SE-3.1.2.3-a/OE-Studio/enterprise/modules/ext/jsf-1_2/commons-digester.jar:/home/rafael/OpenESB-SE-3.1.2.3-a/OE-Studio/enterprise/modules/ext/jsf-1_2/commons-logging.jar:/home/rafael/OpenESB-SE-3.1.2.3-a/OE-Studio/enterprise/modules/ext/jsf-1_2/jsf-api.jar:/home/rafael/OpenESB-SE-3.1.2.3-a/OE-Studio/enterprise/modules/ext/jsf-1_2/jsf-impl.jar" />
    <property name="libs.Encoder-HL7.src" value="" />
    <property name="libs.jstl.maven-pom" value="" />
    <property name="GenerateATSOutput" value="${generate.ats.output}" />
    <property name="libs.restapi.maven-pom" value="" />
    <property name="no.catd.context" value="true" />
    <property name="libs.beans-binding.src" value="" />
    <property name="java.vm.specification.vendor" value="Oracle Corporation" />
    <property name="libs.swing-layout.src" value="/home/rafael/OpenESB-SE-3.1.2.3-a/OE-Studio/platform/docs/swing-layout-1.0.4-src.zip" />
    <property name="org.openide.major.version" value="IDE/1" />
    <property name="java.vm.name" value="Java HotSpot(TM) 64-Bit Server VM" />
    <property name="libs.Encoder-Custom.maven-pom" value="" />
    <property name="netbeans.user" value="/home/rafael/.openesb_studio/3.1.2" />
    <property name="java.io.tmpdir" value="/tmp" />
    <property name="java.vendor.url" value="http://java.oracle.com/" />
    <property name="jna.loaded" value="true" />
    <property name="libs.jsp-compiler.src" value="" />
    <property name="libs.Encoder-COCO.src" value="" />
    <property name="sun.boot.library.path" value="/usr/lib/jvm/java-8-oracle/jre/lib/amd64" />
    <property name="libs.hamcrest.javadoc" value="" />
    <property name="libs.jsf20.classpath" value="/home/rafael/OpenESB-SE-3.1.2.3-a/OE-Studio/enterprise/modules/ext/jsf-2_2/javax.faces.jar" />
    <property name="src.build.dir" value="src/jbiServiceUnits" />
    <property name="dist.jar" value="dist/MyCalculatorCA.zip" />
    <property name="libs.spring-framework400.maven-pom" value="" />
    <property name="java.runtime.name" value="Java(TM) SE Runtime Environment" />
    <property name="ant.project.name" value="" />
    <property name="libs.PojoSELib.javadoc" value="/home/rafael/OpenESB-SE-3.1.2.3-a/OE-Studio/soa/modules/ext/sun-pojo-engine-api-javadoc.jar" />
    <property name="netbeans.hash.code" value="unique=0b9f5e754-0b69-47b2-9c8b-1645204eee1c_3b032995-c433-4073-9b92-2e55e423ef27" />
    <property name="libs.jsp-compilation-syscp.maven-pom" value="" />
    <property name="sun.cpu.isalist" value="" />
    <property name="libs.spring-framework400.javadoc" value="" />
    <property name="libs.CopyLibs.javadoc" value="" />
    <property name="org.openide.specification.version" value="6.2" />
    <property name="user.home" value="/home/rafael" />
    <property name="libs.primefaces.maven-pom" value="" />
    <property name="com.sun.jbi.routing" value="true" />
    <property name="libs.javaee-api-6.0.maven-pom" value="" />
    <property name="libs.JWSAntTasks.src" value="" />
    <property name="libs.CopyLibs.maven-pom" value="" />
    <property name="libs.spring-framework300.javadoc" value="" />
    <property name="libs.absolutelayout.javadoc" value="" />
    <property name="java.specification.name" value="Java Platform API Specification" />
    <property name="libs.Encoder-COCO.maven-pom" value="" />
    <property name="ide.module.install.dir" value="/home/rafael/OpenESB-SE-3.1.2.3-a/OE-Studio/ide/modules" />
    <property name="java.specification.vendor" value="Oracle Corporation" />
    <property name="libs.javac-api.classpath" value="/home/rafael/OpenESB-SE-3.1.2.3-a/OE-Studio/java/modules/ext/nb-javac-api.jar" />
    <property name="java.version" value="1.8.0_191" />
    <property name="libs.MySQLDriver.javadoc" value="" />
    <property name="org.openide.version" value="deprecated" />
    <property name="source.encoding" value="UTF-8" />
    <property name="ant.file.MyCalculatorCA-jbi-impl" value="/home/rafael/NetBeansProjects/MyCalculatorCA/nbproject/build-impl.xml" />
    <property name="libs.eclipselinkmodelgen.maven-pom" value="" />
    <property name="libs.jsp-compilation-syscp.javadoc" value="" />
    <property name="server.password" value="admin" />
    <property name="libs.eclipselinkmodelgen.javadoc" value="" />
    <property name="libs.javaee-endorsed-api-7.0.classpath" value="/home/rafael/OpenESB-SE-3.1.2.3-a/OE-Studio/enterprise/modules/ext/javaee7-endorsed/javax.annotation-api.jar:/home/rafael/OpenESB-SE-3.1.2.3-a/OE-Studio/enterprise/modules/ext/javaee7-endorsed/javax.xml.soap-api.jar:/home/rafael/OpenESB-SE-3.1.2.3-a/OE-Studio/enterprise/modules/ext/javaee7-endorsed/jaxb-api-osgi.jar:/home/rafael/OpenESB-SE-3.1.2.3-a/OE-Studio/enterprise/modules/ext/javaee7-endorsed/jaxws-api.jar:/home/rafael/OpenESB-SE-3.1.2.3-a/OE-Studio/enterprise/modules/ext/javaee7-endorsed/jsr181-api.jar" />
    <property name="libs.metro.javadoc" value="/home/rafael/OpenESB-SE-3.1.2.3-a/OE-Studio/enterprise/docs/metro-1.4-doc.zip" />
    <property name="libs.struts.maven-pom" value="" />
    <property name="libs.testng.maven-pom" value="" />
    <property name="NetBeansUserDir" value="/home/rafael/.openesb_studio/3.1.2" />
    <property name="test.dir" value="test" />
    <property name="libs.jaxb.src" value="" />
    <property name="libs.Encoder-HL7.maven-pom" value="" />
    <property name="libs.jaxb.classpath" value="/home/rafael/OpenESB-SE-3.1.2.3-a/OE-Studio/ide/modules/ext/jaxb/jaxb-impl.jar:/home/rafael/OpenESB-SE-3.1.2.3-a/OE-Studio/ide/modules/ext/jaxb/jaxb-xjc.jar:/home/rafael/OpenESB-SE-3.1.2.3-a/OE-Studio/ide/modules/ext/jaxb/jaxb1-impl.jar:/home/rafael/OpenESB-SE-3.1.2.3-a/OE-Studio/ide/modules/ext/jaxb/activation.jar:/home/rafael/OpenESB-SE-3.1.2.3-a/OE-Studio/ide/modules/ext/jaxb/api/jaxb-api.jar:/home/rafael/OpenESB-SE-3.1.2.3-a/OE-Studio/ide/modules/ext/jaxb/api/jsr173_1.0_api.jar" />
    <property name="libs.swing-layout.classpath" value="/home/rafael/OpenESB-SE-3.1.2.3-a/OE-Studio/platform/modules/ext/swing-layout-1.0.4.jar" />
    <property name="libs.spring-webmvc3.0.classpath" value="/home/rafael/OpenESB-SE-3.1.2.3-a/OE-Studio/java/modules/ext/spring-3.0/spring-webmvc-3.2.7.RELEASE.jar" />
    <property name="libs.javaee-web-api-7.0.maven-pom" value="" />
    <property name="libs.restlib.src" value="" />
    <property name="build.generated.dir" value="build/generated" />
    <property name="project.MyCalculator" value="../MyCalculator" />
    <property name="line.separator" value="&#xa;" />
    <property name="java.specification.version" value="1.8" />
    <property name="libs.jaxws21.maven-pom" value="" />
    <property name="java.vm.info" value="mixed mode" />
    <property name="addExports:java.management/sun.management" value="ALL-UNNAMED" />
    <property name="sun.boot.class.path" value="/usr/lib/jvm/java-8-oracle/jre/lib/resources.jar:/usr/lib/jvm/java-8-oracle/jre/lib/rt.jar:/usr/lib/jvm/java-8-oracle/jre/lib/sunrsasign.jar:/usr/lib/jvm/java-8-oracle/jre/lib/jsse.jar:/usr/lib/jvm/java-8-oracle/jre/lib/jce.jar:/usr/lib/jvm/java-8-oracle/jre/lib/charsets.jar:/usr/lib/jvm/java-8-oracle/jre/lib/jfr.jar:/usr/lib/jvm/java-8-oracle/jre/classes" />
    <property name="reference.MyCalculator.dist_se" value="../MyCalculator/build/SEDeployment.jar" />
    <property name="src.dir" value="src/jbiasa" />
    <property name="libs.Encoder-Framework.maven-pom" value="" />
    <property name="libs.jpa2-persistence.src" value="" />
    <property name="libs.jsf20.src" value="" />
    <property name="libs.jpa20-persistence.src" value="" />
    <property name="libs.jsf12.src" value="" />
    <property name="libs.struts.javadoc" value="/home/rafael/OpenESB-SE-3.1.2.3-a/OE-Studio/enterprise/docs/struts-1.3.10-javadoc.zip" />
    <property name="libs.javaee-web-api-7.0.src" value="" />
    <property name="libs.primefaces.src" value="" />
    <property name="dist.dir" value="dist" />
    <property name="org.netbeans.modules.compapp.catd.context" value="" />
    <property name="inDebug" value="${inDebug}" />
    <property name="java.awt.printerjob" value="sun.print.PSPrinterJob" />
    <property name="default.javac.source" value="1.8" />
    <property name="libs.MySQLDriver.src" value="" />
    <property name="sun.jnu.encoding" value="UTF-8" />
    <property name="jbi.service-assembly.id" value="MyCalculatorCA" />
    <property name="libs.Encoder-COCO.javadoc" value="" />
    <property name="java.runtime.version" value="1.8.0_191-b12" />
    <property name="jna.platform.library.path" value="/usr/lib/x86_64-linux-gnu:/lib/x86_64-linux-gnu:/lib64:/usr/lib:/lib:/usr/lib/x86_64-linux-gnu/libfakeroot" />
    <property name="jbi.service-assembly.description" value="Represents the Service Assembly of MyCalculatorCA" />
    <property name="default.javac.target" value="1.8" />
    <property name="libs.junit_4.classpath" value="/home/rafael/OpenESB-SE-3.1.2.3-a/OE-Studio/platform/modules/ext/junit-4.12.jar" />
    <property name="user.timezone" value="" />
    <property name="java.module.install.dir" value="/home/rafael/OpenESB-SE-3.1.2.3-a/OE-Studio/java/modules" />
    <property name="libs.javaee-endorsed-api-6.0.maven-pom" value="" />
    <property name="netbeans.dirs" value="/home/rafael/OpenESB-SE-3.1.2.3-a/OE-Studio/bin/../soa:/home/rafael/OpenESB-SE-3.1.2.3-a/OE-Studio/bin/../extide:/home/rafael/OpenESB-SE-3.1.2.3-a/OE-Studio/bin/../apisupport:/home/rafael/OpenESB-SE-3.1.2.3-a/OE-Studio/bin/../enterprise:/home/rafael/OpenESB-SE-3.1.2.3-a/OE-Studio/bin/../ergonomics:/home/rafael/OpenESB-SE-3.1.2.3-a/OE-Studio/bin/../harness:/home/rafael/OpenESB-SE-3.1.2.3-a/OE-Studio/bin/../ide:/home/rafael/OpenESB-SE-3.1.2.3-a/OE-Studio/bin/../java:/home/rafael/OpenESB-SE-3.1.2.3-a/OE-Studio/bin/../nb:/home/rafael/OpenESB-SE-3.1.2.3-a/OE-Studio/bin/../profiler:/home/rafael/OpenESB-SE-3.1.2.3-a/OE-Studio/bin/../webcommon:/home/rafael/OpenESB-SE-3.1.2.3-a/OE-Studio/bin/../websvccommon:" />
    <property name="libs.jstl.javadoc" value="/home/rafael/OpenESB-SE-3.1.2.3-a/OE-Studio/enterprise/docs/javaee-doc-api.jar" />
    <property name="libs.jsf20.javadoc" value="/home/rafael/OpenESB-SE-3.1.2.3-a/OE-Studio/enterprise/docs/javaee-doc-api.jar" />
    <property name="java.ext.dirs" value="/usr/lib/jvm/java-8-oracle/jre/lib/ext:/usr/java/packages/lib/ext" />
    <property name="libs.metro.src" value="" />
    <property name="libs.absolutelayout.classpath" value="/home/rafael/OpenESB-SE-3.1.2.3-a/OE-Studio/java/modules/ext/AbsoluteLayout.jar" />
    <property name="libs.restlib.maven-pom" value="" />
    <property name="libs.metro.classpath" value="/home/rafael/OpenESB-SE-3.1.2.3-a/OE-Studio/ide/modules/ext/jaxb/activation.jar:/home/rafael/OpenESB-SE-3.1.2.3-a/OE-Studio/enterprise/modules/ext/metro/webservices-api.jar:/home/rafael/OpenESB-SE-3.1.2.3-a/OE-Studio/enterprise/modules/ext/metro/webservices-extra-api.jar:/home/rafael/OpenESB-SE-3.1.2.3-a/OE-Studio/enterprise/modules/ext/metro/webservices-extra.jar:/home/rafael/OpenESB-SE-3.1.2.3-a/OE-Studio/enterprise/modules/ext/metro/webservices-rt.jar:/home/rafael/OpenESB-SE-3.1.2.3-a/OE-Studio/enterprise/modules/ext/metro/webservices-tools.jar" />
    <property name="libs.jpa2-persistence.javadoc" value="/home/rafael/OpenESB-SE-3.1.2.3-a/OE-Studio/java/modules/ext/docs/javax.persistence-2.1.0-doc.zip" />
    <property name="jbi.content.component" value="sun-bpel-engine" />
    <property name="java.class.path" value="/home/rafael/OpenESB-SE-3.1.2.3-a/OE-Studio/soa/modules/org-netbeans-modules-compapp-manager-jbi.jar:/home/rafael/OpenESB-SE-3.1.2.3-a/OE-Studio/soa/modules/org-netbeans-modules-compapp-projects-jbi.jar:/home/rafael/OpenESB-SE-3.1.2.3-a/OE-Studio/soa/modules/ext/jbi-admin-common.jar:/home/rafael/OpenESB-SE-3.1.2.3-a/OE-Studio/soa/modules/ext/catd.jar:/home/rafael/OpenESB-SE-3.1.2.3-a/OE-Studio/java/modules/ext/jaxws22/api/saaj-api.jar:/home/rafael/OpenESB-SE-3.1.2.3-a/OE-Studio/java/modules/ext/jaxws22/saaj-impl.jar:/home/rafael/OpenESB-SE-3.1.2.3-a/OE-Studio/java/modules/ext/jaxws22/FastInfoset.jar:/home/rafael/OpenESB-SE-3.1.2.3-a/OE-Studio/ide/modules/org-netbeans-modules-editor-lib.jar:/home/rafael/OpenESB-SE-3.1.2.3-a/OE-Studio/ide/modules/org-netbeans-modules-editor.jar:/home/rafael/OpenESB-SE-3.1.2.3-a/OE-Studio/ide/modules/org-netbeans-modules-editor-deprecated-pre65formatting.jar:/home/rafael/OpenESB-SE-3.1.2.3-a/OE-Studio/ide/modules/org-netbeans-modules-editor-util.jar:/home/rafael/OpenESB-SE-3.1.2.3-a/OE-Studio/ide/modules/org-netbeans-modules-editor-lib2.jar:/home/rafael/OpenESB-SE-3.1.2.3-a/OE-Studio/ide/modules/org-netbeans-modules-editor-indent.jar:/home/rafael/OpenESB-SE-3.1.2.3-a/OE-Studio/ide/modules/org-netbeans-modules-editor-plain.jar:/home/rafael/OpenESB-SE-3.1.2.3-a/OE-Studio/ide/modules/org-netbeans-modules-editor-plain-lib.jar:/home/rafael/OpenESB-SE-3.1.2.3-a/OE-Studio/ide/modules/org-netbeans-modules-editor-document.jar:/home/rafael/OpenESB-SE-3.1.2.3-a/OE-Studio/ide/modules/org-netbeans-modules-editor-settings.jar:/home/rafael/OpenESB-SE-3.1.2.3-a/OE-Studio/ide/modules/org-netbeans-modules-editor-settings-lib.jar:/home/rafael/OpenESB-SE-3.1.2.3-a/OE-Studio/ide/modules/org-netbeans-modules-editor-settings-storage.jar:/home/rafael/OpenESB-SE-3.1.2.3-a/OE-Studio/ide/modules/org-netbeans-modules-lexer.jar:/home/rafael/OpenESB-SE-3.1.2.3-a/OE-Studio/ide/modules/org-netbeans-modules-xml-core.jar:/home/rafael/OpenESB-SE-3.1.2.3-a/OE-Studio/ide/modules/org-netbeans-modules-xml-lexer.jar:/home/rafael/OpenESB-SE-3.1.2.3-a/OE-Studio/ide/modules/org-netbeans-modules-xml-text.jar:/home/rafael/OpenESB-SE-3.1.2.3-a/OE-Studio/ide/modules/org-netbeans-modules-xml-xdm.jar:/home/rafael/OpenESB-SE-3.1.2.3-a/OE-Studio/ide/modules/org-netbeans-modules-xml-xam.jar:/home/rafael/OpenESB-SE-3.1.2.3-a/OE-Studio/ide/modules/org-netbeans-modules-csl-api.jar:/home/rafael/OpenESB-SE-3.1.2.3-a/OE-Studio/ide/modules/ext/jaxb/activation.jar:/home/rafael/OpenESB-SE-3.1.2.3-a/OE-Studio/platform/lib/org-openide-modules.jar:/home/rafael/OpenESB-SE-3.1.2.3-a/OE-Studio/platform/lib/org-openide-util.jar:/home/rafael/OpenESB-SE-3.1.2.3-a/OE-Studio/platform/lib/org-openide-util-ui.jar:/home/rafael/OpenESB-SE-3.1.2.3-a/OE-Studio/platform/lib/org-openide-util-lookup.jar:/home/rafael/OpenESB-SE-3.1.2.3-a/OE-Studio/platform/modules/org-openide-awt.jar:/home/rafael/OpenESB-SE-3.1.2.3-a/OE-Studio/platform/modules/org-openide-options.jar:/home/rafael/OpenESB-SE-3.1.2.3-a/OE-Studio/platform/modules/org-openide-text.jar:/home/rafael/OpenESB-SE-3.1.2.3-a/OE-Studio/platform/modules/org-openide-loaders.jar:/home/rafael/OpenESB-SE-3.1.2.3-a/OE-Studio/platform/modules/org-openide-nodes.jar:/home/rafael/OpenESB-SE-3.1.2.3-a/OE-Studio/platform/modules/org-netbeans-modules-editor-mimelookup.jar:/home/rafael/OpenESB-SE-3.1.2.3-a/OE-Studio/platform/modules/org-netbeans-modules-editor-mimelookup-impl.jar:/home/rafael/OpenESB-SE-3.1.2.3-a/OE-Studio/platform/core/org-openide-filesystems.jar:/home/rafael/OpenESB-SE-3.1.2.3-a/OE-Studio/platform/modules/org-netbeans-modules-keyring.jar:/home/rafael/OpenESB-SE-3.1.2.3-a/OE-Studio/platform/modules/org-openide-dialogs.jar:/home/rafael/OpenESB-SE-3.1.2.3-a/OE-Studio/platform/modules/ext/junit-4.12.jar:/home/rafael/OpenESB-SE-3.1.2.3-a/OE-Studio/extide/ant/lib/ant-launcher.jar:/home/rafael/OpenESB-SE-3.1.2.3-a/OE-Studio/extide/ant/lib/ant.jar:/home/rafael/OpenESB-SE-3.1.2.3-a/OE-Studio/extide/ant/lib/ant-junit.jar:/home/rafael/OpenESB-SE-3.1.2.3-a/OE-Studio/extide/ant/lib/ant-junit4.jar" />
    <property name="addExports:java.desktop/java.awt.peer" value="ALL-UNNAMED" />
    <property name="addExports:java.desktop/com.sun.beans.editors" value="ALL-UNNAMED" />
    <property name="libs.absolutelayout.src" value="" />
    <property name="libs.jpa20-persistence.classpath" value="/home/rafael/OpenESB-SE-3.1.2.3-a/OE-Studio/java/modules/ext/eclipselink/javax.persistence_2.1.0.v201304241213.jar" />
    <property name="os.version" value="4.15.0-39-generic" />
    <property name="libs.javaee-api-7.0.maven-pom" value="" />
    <property name="sun.awt.enableExtraMouseButtons" value="true" />
    <property name="sun.desktop" value="gnome" />
    <property name="libs.PojoSELib.maven-pom" value="" />
    <property name="libs.hibernate4-persistence.src" value="" />
    <property name="libs.hibernate4-support.maven-pom" value="" />
    <property name="libs.restlib.javadoc" value="" />
    <property name="libs.JAXB-ENDORSED.classpath" value="/home/rafael/OpenESB-SE-3.1.2.3-a/OE-Studio/ide/modules/ext/jaxb/api/jaxb-api.jar" />
    <property name="libs.javaee-api-7.0.javadoc" value="/home/rafael/OpenESB-SE-3.1.2.3-a/OE-Studio/enterprise/docs/javaee-doc-api.jar" />
    <property name="libs.eclipselink.classpath" value="/home/rafael/OpenESB-SE-3.1.2.3-a/OE-Studio/java/modules/ext/eclipselink/eclipselink.jar:/home/rafael/OpenESB-SE-3.1.2.3-a/OE-Studio/java/modules/ext/eclipselink/javax.persistence_2.1.0.v201304241213.jar:/home/rafael/OpenESB-SE-3.1.2.3-a/OE-Studio/java/modules/ext/eclipselink/org.eclipse.persistence.jpa.jpql_2.5.2.v20140319-9ad6abd.jar" />
    <property name="libs.beans-binding.javadoc" value="/home/rafael/OpenESB-SE-3.1.2.3-a/OE-Studio/java/docs/beansbinding-1.2.1-doc.zip" />
    <property name="java.awt.graphicsenv" value="sun.awt.X11GraphicsEnvironment" />
    <property name="java.vm.vendor" value="Oracle Corporation" />
    <property name="libs.CopyLibs.classpath" value="/home/rafael/OpenESB-SE-3.1.2.3-a/OE-Studio/java/ant/extra/org-netbeans-modules-java-j2seproject-copylibstask.jar" />
    <property name="libs.spring-framework300.classpath" value="/home/rafael/OpenESB-SE-3.1.2.3-a/OE-Studio/ide/modules/org-apache-commons-logging.jar:/home/rafael/OpenESB-SE-3.1.2.3-a/OE-Studio/java/modules/ext/cglib-2.2.jar:/home/rafael/OpenESB-SE-3.1.2.3-a/OE-Studio/java/modules/ext/spring-3.0/spring-aop-3.2.7.RELEASE.jar:/home/rafael/OpenESB-SE-3.1.2.3-a/OE-Studio/java/modules/ext/spring-3.0/spring-aspects-3.2.7.RELEASE.jar:/home/rafael/OpenESB-SE-3.1.2.3-a/OE-Studio/java/modules/ext/spring-3.0/spring-beans-3.2.7.RELEASE.jar:/home/rafael/OpenESB-SE-3.1.2.3-a/OE-Studio/java/modules/ext/spring-3.0/spring-build-src-3.2.7.RELEASE.jar:/home/rafael/OpenESB-SE-3.1.2.3-a/OE-Studio/java/modules/ext/spring-3.0/spring-context-3.2.7.RELEASE.jar:/home/rafael/OpenESB-SE-3.1.2.3-a/OE-Studio/java/modules/ext/spring-3.0/spring-context-support-3.2.7.RELEASE.jar:/home/rafael/OpenESB-SE-3.1.2.3-a/OE-Studio/java/modules/ext/spring-3.0/spring-core-3.2.7.RELEASE.jar:/home/rafael/OpenESB-SE-3.1.2.3-a/OE-Studio/java/modules/ext/spring-3.0/spring-expression-3.2.7.RELEASE.jar:/home/rafael/OpenESB-SE-3.1.2.3-a/OE-Studio/java/modules/ext/spring-3.0/spring-framework-bom-3.2.7.RELEASE.jar:/home/rafael/OpenESB-SE-3.1.2.3-a/OE-Studio/java/modules/ext/spring-3.0/spring-instrument-3.2.7.RELEASE.jar:/home/rafael/OpenESB-SE-3.1.2.3-a/OE-Studio/java/modules/ext/spring-3.0/spring-instrument-tomcat-3.2.7.RELEASE.jar:/home/rafael/OpenESB-SE-3.1.2.3-a/OE-Studio/java/modules/ext/spring-3.0/spring-jdbc-3.2.7.RELEASE.jar:/home/rafael/OpenESB-SE-3.1.2.3-a/OE-Studio/java/modules/ext/spring-3.0/spring-jms-3.2.7.RELEASE.jar:/home/rafael/OpenESB-SE-3.1.2.3-a/OE-Studio/java/modules/ext/spring-3.0/spring-orm-3.2.7.RELEASE.jar:/home/rafael/OpenESB-SE-3.1.2.3-a/OE-Studio/java/modules/ext/spring-3.0/spring-oxm-3.2.7.RELEASE.jar:/home/rafael/OpenESB-SE-3.1.2.3-a/OE-Studio/java/modules/ext/spring-3.0/spring-struts-3.2.7.RELEASE.jar:/home/rafael/OpenESB-SE-3.1.2.3-a/OE-Studio/java/modules/ext/spring-3.0/spring-test-3.2.7.RELEASE.jar:/home/rafael/OpenESB-SE-3.1.2.3-a/OE-Studio/java/modules/ext/spring-3.0/spring-tx-3.2.7.RELEASE.jar:/home/rafael/OpenESB-SE-3.1.2.3-a/OE-Studio/java/modules/ext/spring-3.0/spring-web-3.2.7.RELEASE.jar:/home/rafael/OpenESB-SE-3.1.2.3-a/OE-Studio/java/modules/ext/spring-3.0/spring-webmvc-3.2.7.RELEASE.jar:/home/rafael/OpenESB-SE-3.1.2.3-a/OE-Studio/java/modules/ext/spring-3.0/spring-webmvc-portlet-3.2.7.RELEASE.jar" />
    <property name="libs.jsp-compiler.maven-pom" value="" />
    <property name="libs.Encoder-COCO.classpath" value="/home/rafael/OpenESB-SE-3.1.2.3-a/OE-Studio/soa/modules/ext/coco.jar:/home/rafael/OpenESB-SE-3.1.2.3-a/OE-Studio/soa/modules/ext/cocoencoder-xsdextension.jar" />
    <property name="libs.hamcrest.src" value="" />
    <property name="libs.hibernate4-persistence.classpath" value="/home/rafael/OpenESB-SE-3.1.2.3-a/OE-Studio/java/modules/ext/hibernate4/antlr-2.7.7.jar:/home/rafael/OpenESB-SE-3.1.2.3-a/OE-Studio/java/modules/ext/hibernate4/c3p0-0.9.2.1.jar:/home/rafael/OpenESB-SE-3.1.2.3-a/OE-Studio/java/modules/ext/hibernate4/hibernate-c3p0-4.3.1.Final.jar:/home/rafael/OpenESB-SE-3.1.2.3-a/OE-Studio/java/modules/ext/hibernate4/mchange-commons-java-0.2.3.4.jar:/home/rafael/OpenESB-SE-3.1.2.3-a/OE-Studio/java/modules/ext/hibernate4/dom4j-1.6.1.jar:/home/rafael/OpenESB-SE-3.1.2.3-a/OE-Studio/java/modules/ext/hibernate4/ehcache-core-2.4.3.jar:/home/rafael/OpenESB-SE-3.1.2.3-a/OE-Studio/java/modules/ext/hibernate4/hibernate-ehcache-4.3.1.Final.jar:/home/rafael/OpenESB-SE-3.1.2.3-a/OE-Studio/java/modules/ext/hibernate4/hibernate-core-4.3.1.Final.jar:/home/rafael/OpenESB-SE-3.1.2.3-a/OE-Studio/java/modules/ext/hibernate4/jboss-logging-3.1.3.GA.jar:/home/rafael/OpenESB-SE-3.1.2.3-a/OE-Studio/java/modules/ext/hibernate4/hibernate-commons-annotations-4.0.4.Final.jar:/home/rafael/OpenESB-SE-3.1.2.3-a/OE-Studio/java/modules/ext/hibernate4/hibernate-entitymanager-4.3.1.Final.jar:/home/rafael/OpenESB-SE-3.1.2.3-a/OE-Studio/java/modules/ext/hibernate4/javassist-3.18.1-GA.jar:/home/rafael/OpenESB-SE-3.1.2.3-a/OE-Studio/java/modules/ext/hibernate4/jboss-transaction-api_1.2_spec-1.0.0.Final.jar:/home/rafael/OpenESB-SE-3.1.2.3-a/OE-Studio/java/modules/ext/hibernate4/slf4j-api-1.6.1.jar:/home/rafael/OpenESB-SE-3.1.2.3-a/OE-Studio/java/modules/ext/hibernate4/slf4j-simple-1.6.1.jar:/home/rafael/OpenESB-SE-3.1.2.3-a/OE-Studio/java/modules/ext/hibernate4/hibernate-jpa-2.1-api-1.0.0.Final.jar" />
    <property name="libs.JAXB-ENDORSED.src" value="" />
    <property name="libs.testng.javadoc" value="/home/rafael/OpenESB-SE-3.1.2.3-a/OE-Studio/platform/docs/testng-6.8.1-javadoc.zip" />
    <property name="libs.PostgreSQLDriver.classpath" value="/home/rafael/OpenESB-SE-3.1.2.3-a/OE-Studio/ide/modules/ext/postgresql-9.4.1209.jar" />
    <property name="libs.jsf12.maven-pom" value="" />
    <property name="soa.module.install.dir" value="/home/rafael/OpenESB-SE-3.1.2.3-a/OE-Studio/soa/modules" />
    <property name="libs.hibernate4-persistencemodelgen.classpath" value="/home/rafael/OpenESB-SE-3.1.2.3-a/OE-Studio/java/modules/ext/hibernate4/hibernate-jpamodelgen-4.3.1.Final.jar" />
    <property name="libs.Encoder-Custom.src" value="" />
    <property name="build.dir" value="build" />
    <property name="libs.CopyLibs.src" value="" />
    <property name="libs.jsp-compilation.classpath" value="/home/rafael/OpenESB-SE-3.1.2.3-a/OE-Studio/extide/ant/lib/ant.jar:/home/rafael/OpenESB-SE-3.1.2.3-a/OE-Studio/enterprise/modules/ext/servlet3.1-jsp2.3-api.jar:/home/rafael/OpenESB-SE-3.1.2.3-a/OE-Studio/enterprise/modules/ext/glassfish-jspparser-4.0.jar:/home/rafael/OpenESB-SE-3.1.2.3-a/OE-Studio/enterprise/modules/ext/jsf-2_2/javax.faces.jar:/home/rafael/OpenESB-SE-3.1.2.3-a/OE-Studio/enterprise/modules/ext/jstl-api.jar:/home/rafael/OpenESB-SE-3.1.2.3-a/OE-Studio/extide/ant/lib/ant-launcher.jar" />
    <property name="ant.version" value="Apache Ant(TM) version 1.9.7 compiled on April 9 2016" />
    <property name="file.encoding" value="UTF-8" />
    <property name="libs.spring-webmvc4.0.classpath" value="/home/rafael/OpenESB-SE-3.1.2.3-a/OE-Studio/java/modules/ext/spring-4/spring-webmvc-4.0.1.RELEASE.jar" />
    <property name="awt.toolkit" value="sun.awt.X11.XToolkit" />
    <property name="libs.javaee-web-api-7.0.javadoc" value="/home/rafael/OpenESB-SE-3.1.2.3-a/OE-Studio/enterprise/docs/javaee-doc-api.jar" />
  </properties>
  <testcase classname="org.netbeans.modules.compapp.catd.ConfiguredTest" name="TestCase1" time="1.266">
    <failure message="[19/11/2018 04:38:17 PM] The response is not identical to the expected output." type="junit.framework.AssertionFailedError">junit.framework.AssertionFailedError: [19/11/2018 04:38:17 PM] The response is not identical to the expected output.
	at org.netbeans.modules.compapp.catd.ConfiguredTest.checkExpectedOutput(ConfiguredTest.java:2354)
	at org.netbeans.modules.compapp.catd.ConfiguredTest.checkExpectedOutput(ConfiguredTest.java:2224)
	at org.netbeans.modules.compapp.catd.ConfiguredTest.testConcurrentSOAPRequest(ConfiguredTest.java:867)
</failure>
  </testcase>
  <system-out><![CDATA[GenerateATSOutput=${generate.ats.output}
NetBeansUserDir=/home/rafael/.openesb_studio/3.1.2
ServerPassword=admin
awt.toolkit=sun.awt.X11.XToolkit
file.encoding=UTF-8
file.encoding.pkg=sun.io
file.separator=/
inDebug=${inDebug}
java.awt.graphicsenv=sun.awt.X11GraphicsEnvironment
java.awt.headless=${java.awt.headless}
java.awt.printerjob=sun.print.PSPrinterJob
java.class.path=/home/rafael/OpenESB-SE-3.1.2.3-a/OE-Studio/soa/modules/org-netbeans-modules-compapp-manager-jbi.jar:/home/rafael/OpenESB-SE-3.1.2.3-a/OE-Studio/soa/modules/org-netbeans-modules-compapp-projects-jbi.jar:/home/rafael/OpenESB-SE-3.1.2.3-a/OE-Studio/soa/modules/ext/jbi-admin-common.jar:/home/rafael/OpenESB-SE-3.1.2.3-a/OE-Studio/soa/modules/ext/catd.jar:/home/rafael/OpenESB-SE-3.1.2.3-a/OE-Studio/java/modules/ext/jaxws22/api/saaj-api.jar:/home/rafael/OpenESB-SE-3.1.2.3-a/OE-Studio/java/modules/ext/jaxws22/saaj-impl.jar:/home/rafael/OpenESB-SE-3.1.2.3-a/OE-Studio/java/modules/ext/jaxws22/FastInfoset.jar:/home/rafael/OpenESB-SE-3.1.2.3-a/OE-Studio/ide/modules/org-netbeans-modules-editor-lib.jar:/home/rafael/OpenESB-SE-3.1.2.3-a/OE-Studio/ide/modules/org-netbeans-modules-editor.jar:/home/rafael/OpenESB-SE-3.1.2.3-a/OE-Studio/ide/modules/org-netbeans-modules-editor-deprecated-pre65formatting.jar:/home/rafael/OpenESB-SE-3.1.2.3-a/OE-Studio/ide/modules/org-netbeans-modules-editor-util.jar:/home/rafael/OpenESB-SE-3.1.2.3-a/OE-Studio/ide/modules/org-netbeans-modules-editor-lib2.jar:/home/rafael/OpenESB-SE-3.1.2.3-a/OE-Studio/ide/modules/org-netbeans-modules-editor-indent.jar:/home/rafael/OpenESB-SE-3.1.2.3-a/OE-Studio/ide/modules/org-netbeans-modules-editor-plain.jar:/home/rafael/OpenESB-SE-3.1.2.3-a/OE-Studio/ide/modules/org-netbeans-modules-editor-plain-lib.jar:/home/rafael/OpenESB-SE-3.1.2.3-a/OE-Studio/ide/modules/org-netbeans-modules-editor-document.jar:/home/rafael/OpenESB-SE-3.1.2.3-a/OE-Studio/ide/modules/org-netbeans-modules-editor-settings.jar:/home/rafael/OpenESB-SE-3.1.2.3-a/OE-Studio/ide/modules/org-netbeans-modules-editor-settings-lib.jar:/home/rafael/OpenESB-SE-3.1.2.3-a/OE-Studio/ide/modules/org-netbeans-modules-editor-settings-storage.jar:/home/rafael/OpenESB-SE-3.1.2.3-a/OE-Studio/ide/modules/org-netbeans-modules-lexer.jar:/home/rafael/OpenESB-SE-3.1.2.3-a/OE-Studio/ide/modules/org-netbeans-modules-xml-core.jar:/home/rafael/OpenESB-SE-3.1.2.3-a/OE-Studio/ide/modules/org-netbeans-modules-xml-lexer.jar:/home/rafael/OpenESB-SE-3.1.2.3-a/OE-Studio/ide/modules/org-netbeans-modules-xml-text.jar:/home/rafael/OpenESB-SE-3.1.2.3-a/OE-Studio/ide/modules/org-netbeans-modules-xml-xdm.jar:/home/rafael/OpenESB-SE-3.1.2.3-a/OE-Studio/ide/modules/org-netbeans-modules-xml-xam.jar:/home/rafael/OpenESB-SE-3.1.2.3-a/OE-Studio/ide/modules/org-netbeans-modules-csl-api.jar:/home/rafael/OpenESB-SE-3.1.2.3-a/OE-Studio/ide/modules/ext/jaxb/activation.jar:/home/rafael/OpenESB-SE-3.1.2.3-a/OE-Studio/platform/lib/org-openide-modules.jar:/home/rafael/OpenESB-SE-3.1.2.3-a/OE-Studio/platform/lib/org-openide-util.jar:/home/rafael/OpenESB-SE-3.1.2.3-a/OE-Studio/platform/lib/org-openide-util-ui.jar:/home/rafael/OpenESB-SE-3.1.2.3-a/OE-Studio/platform/lib/org-openide-util-lookup.jar:/home/rafael/OpenESB-SE-3.1.2.3-a/OE-Studio/platform/modules/org-openide-awt.jar:/home/rafael/OpenESB-SE-3.1.2.3-a/OE-Studio/platform/modules/org-openide-options.jar:/home/rafael/OpenESB-SE-3.1.2.3-a/OE-Studio/platform/modules/org-openide-text.jar:/home/rafael/OpenESB-SE-3.1.2.3-a/OE-Studio/platform/modules/org-openide-loaders.jar:/home/rafael/OpenESB-SE-3.1.2.3-a/OE-Studio/platform/modules/org-openide-nodes.jar:/home/rafael/OpenESB-SE-3.1.2.3-a/OE-Studio/platform/modules/org-netbeans-modules-editor-mimelookup.jar:/home/rafael/OpenESB-SE-3.1.2.3-a/OE-Studio/platform/modules/org-netbeans-modules-editor-mimelookup-impl.jar:/home/rafael/OpenESB-SE-3.1.2.3-a/OE-Studio/platform/core/org-openide-filesystems.jar:/home/rafael/OpenESB-SE-3.1.2.3-a/OE-Studio/platform/modules/org-netbeans-modules-keyring.jar:/home/rafael/OpenESB-SE-3.1.2.3-a/OE-Studio/platform/modules/org-openide-dialogs.jar:/home/rafael/OpenESB-SE-3.1.2.3-a/OE-Studio/platform/modules/ext/junit-4.12.jar:/home/rafael/OpenESB-SE-3.1.2.3-a/OE-Studio/extide/ant/lib/ant-launcher.jar:/home/rafael/OpenESB-SE-3.1.2.3-a/OE-Studio/extide/ant/lib/ant.jar:/home/rafael/OpenESB-SE-3.1.2.3-a/OE-Studio/extide/ant/lib/ant-junit.jar:/home/rafael/OpenESB-SE-3.1.2.3-a/OE-Studio/extide/ant/lib/ant-junit4.jar
java.class.version=52.0
java.endorsed.dirs=/usr/lib/jvm/java-8-oracle/jre/lib/endorsed
java.ext.dirs=/usr/lib/jvm/java-8-oracle/jre/lib/ext:/usr/java/packages/lib/ext
java.home=/usr/lib/jvm/java-8-oracle/jre
java.io.tmpdir=/tmp
java.library.path=/usr/lib/jvm/java-8-oracle/bin/../jre/lib/amd64:/usr/lib/jvm/java-8-oracle/bin/../jre/lib/i386::/usr/java/packages/lib/amd64:/usr/lib64:/lib64:/lib:/usr/lib
java.runtime.name=Java(TM) SE Runtime Environment
java.runtime.version=1.8.0_191-b12
java.specification.name=Java Platform API Specification
java.specification.vendor=Oracle Corporation
java.specification.version=1.8
java.vendor=Oracle Corporation
java.vendor.url=http://java.oracle.com/
java.vendor.url.bug=http://bugreport.sun.com/bugreport/
java.version=1.8.0_191
java.vm.info=mixed mode
java.vm.name=Java HotSpot(TM) 64-Bit Server VM
java.vm.specification.name=Java Virtual Machine Specification
java.vm.specification.vendor=Oracle Corporation
java.vm.specification.version=1.8
java.vm.vendor=Oracle Corporation
java.vm.version=25.191-b12
line.separator=

org.netbeans.modules.compapp.catd.context=
os.arch=amd64
os.name=Linux
os.version=4.15.0-39-generic
path.separator=:
sun.arch.data.model=64
sun.boot.class.path=/usr/lib/jvm/java-8-oracle/jre/lib/resources.jar:/usr/lib/jvm/java-8-oracle/jre/lib/rt.jar:/usr/lib/jvm/java-8-oracle/jre/lib/sunrsasign.jar:/usr/lib/jvm/java-8-oracle/jre/lib/jsse.jar:/usr/lib/jvm/java-8-oracle/jre/lib/jce.jar:/usr/lib/jvm/java-8-oracle/jre/lib/charsets.jar:/usr/lib/jvm/java-8-oracle/jre/lib/jfr.jar:/usr/lib/jvm/java-8-oracle/jre/classes
sun.boot.library.path=/usr/lib/jvm/java-8-oracle/jre/lib/amd64
sun.cpu.endian=little
sun.cpu.isalist=
sun.desktop=gnome
sun.io.unicode.encoding=UnicodeLittle
sun.java.command=org.apache.tools.ant.taskdefs.optional.junit.JUnitTestRunner org.netbeans.modules.compapp.catd.ConfiguredTest skipNonTests=false filtertrace=true haltOnError=false haltOnFailure=false showoutput=true outputtoformatters=true logfailedtests=true threadid=0 logtestlistenerevents=true formatter=org.apache.tools.ant.taskdefs.optional.junit.BriefJUnitResultFormatter formatter=org.apache.tools.ant.taskdefs.optional.junit.XMLJUnitResultFormatter,/home/rafael/NetBeansProjects/MyCalculatorCA/test/results/TEST-org.netbeans.modules.compapp.catd.ConfiguredTest.xml crashfile=/tmp/junitvmwatcher2034831812599780393.properties propsfile=/tmp/junit102530285149816324.properties
sun.java.launcher=SUN_STANDARD
sun.jnu.encoding=UTF-8
sun.management.compiler=HotSpot 64-Bit Tiered Compilers
sun.os.patch.level=unknown
user.country=MX
user.dir=/home/rafael/NetBeansProjects/MyCalculatorCA
user.home=/home/rafael
user.language=es
user.name=rafael
user.timezone=America/Mexico_City
Test TestCase1\Concurrent.properties
  * Difference (Delete): #text
  * Difference (Add): #text
 Failed. (Destination: http://localhost:${HttpDefaultPort}/MyCalculatorCAService1/casaPort1)
]]></system-out>
  <system-err><![CDATA[]]></system-err>
</testsuite>
